time="2021-06-23T20:08:47-05:00" level=info msg="--- starting app ---"
time="2021-06-23T20:08:47-05:00" level=info msg="got account {AccountID:0 ActiveCard:false ActiveAccount:false InitialLimit:0 AvailableLimit:0}"
time="2021-06-23T20:08:47-05:00" level=error msg="error:card-not-active id:1"
time="2021-06-23T20:08:47-05:00" level=error msg="error processing transaction: card-not-active"
time="2021-06-23T20:08:47-05:00" level=info msg="got account {AccountID:0 ActiveCard:false ActiveAccount:false InitialLimit:0 AvailableLimit:0}"
time="2021-06-23T20:08:47-05:00" level=debug msg="creation account: {Id:1 ActiveCard:true Active:false AvailableLimit:100}"
time="2021-06-23T20:08:47-05:00" level=info msg="got account {AccountID:1 ActiveCard:true ActiveAccount:true InitialLimit:100 AvailableLimit:100}"
time="2021-06-23T20:08:47-05:00" level=error msg="error:account-already-initialized id:1"
time="2021-06-23T20:08:47-05:00" level=error msg="error creating account: account-already-initialized"
time="2021-06-23T20:08:47-05:00" level=info msg="got account {AccountID:1 ActiveCard:true ActiveAccount:true InitialLimit:100 AvailableLimit:100}"
time="2021-06-23T20:08:47-05:00" level=debug msg="creation account: {Id:1 ActiveCard:false Active:false AvailableLimit:0}"
time="2021-06-23T20:08:47-05:00" level=info msg="got account {AccountID:1 ActiveCard:true ActiveAccount:true InitialLimit:100 AvailableLimit:190}"
time="2021-06-23T20:08:47-05:00" level=debug msg="creation account: {Id:1 ActiveCard:false Active:false AvailableLimit:0}"
time="2021-06-23T20:09:13-05:00" level=info msg="--- starting app ---"
time="2021-06-23T20:09:13-05:00" level=info msg="got account {AccountID:0 ActiveCard:false ActiveAccount:false InitialLimit:0 AvailableLimit:0}"
time="2021-06-23T20:09:13-05:00" level=error msg="error:card-not-active id:1"
time="2021-06-23T20:09:13-05:00" level=error msg="error processing transaction: card-not-active"
time="2021-06-23T20:09:13-05:00" level=info msg="got account {AccountID:0 ActiveCard:false ActiveAccount:false InitialLimit:0 AvailableLimit:0}"
time="2021-06-23T20:09:13-05:00" level=debug msg="creation account: {Id:1 ActiveCard:true Active:false AvailableLimit:100}"
time="2021-06-23T20:09:13-05:00" level=info msg="got account {AccountID:1 ActiveCard:true ActiveAccount:true InitialLimit:100 AvailableLimit:100}"
time="2021-06-23T20:09:13-05:00" level=error msg="error:account-already-initialized id:1"
time="2021-06-23T20:09:13-05:00" level=error msg="error creating account: account-already-initialized"
time="2021-06-23T20:09:13-05:00" level=info msg="got account {AccountID:1 ActiveCard:true ActiveAccount:true InitialLimit:100 AvailableLimit:100}"
time="2021-06-23T20:09:13-05:00" level=debug msg="creation account: {Id:1 ActiveCard:false Active:false AvailableLimit:0}"
time="2021-06-23T20:09:13-05:00" level=info msg="got account {AccountID:1 ActiveCard:true ActiveAccount:true InitialLimit:100 AvailableLimit:190}"
time="2021-06-23T20:09:13-05:00" level=debug msg="creation account: {Id:1 ActiveCard:false Active:false AvailableLimit:0}"
time="2021-06-23T22:48:35-05:00" level=info msg="--- starting app ---"
time="2021-06-23T22:48:35-05:00" level=info msg="got account {AccountID:0 ActiveCard:false ActiveAccount:false InitialLimit:0 AvailableLimit:0}"
time="2021-06-23T22:48:35-05:00" level=error msg="error:card-not-active id:1"
time="2021-06-23T22:48:35-05:00" level=error msg="error processing transaction: card-not-active"
time="2021-06-23T22:48:35-05:00" level=info msg="got account {AccountID:0 ActiveCard:false ActiveAccount:false InitialLimit:0 AvailableLimit:0}"
time="2021-06-23T22:48:35-05:00" level=debug msg="creation account: {Id:1 ActiveCard:true Active:false AvailableLimit:100}"
time="2021-06-23T22:48:35-05:00" level=info msg="got account {AccountID:1 ActiveCard:true ActiveAccount:true InitialLimit:100 AvailableLimit:100}"
time="2021-06-23T22:48:35-05:00" level=error msg="error:account-already-initialized id:1"
time="2021-06-23T22:48:35-05:00" level=error msg="error creating account: account-already-initialized"
time="2021-06-23T22:48:35-05:00" level=info msg="got account {AccountID:1 ActiveCard:true ActiveAccount:true InitialLimit:100 AvailableLimit:100}"
time="2021-06-23T22:48:35-05:00" level=debug msg="creation account: {Id:1 ActiveCard:false Active:false AvailableLimit:0}"
time="2021-06-23T22:48:35-05:00" level=info msg="got account {AccountID:1 ActiveCard:true ActiveAccount:true InitialLimit:100 AvailableLimit:190}"
time="2021-06-23T22:48:35-05:00" level=debug msg="creation account: {Id:1 ActiveCard:false Active:false AvailableLimit:0}"
time="2021-06-24T01:45:56-05:00" level=info msg="--- starting app ---"
time="2021-06-24T01:46:45-05:00" level=info msg="--- starting app ---"
time="2021-06-24T01:46:45-05:00" level=error msg="error:card-not-active id:1"
time="2021-06-24T01:46:45-05:00" level=debug msg="creation account: {Id:1 ActiveCard:false Active:false AvailableLimit:0}"
time="2021-06-24T01:49:17-05:00" level=info msg="--- starting app ---"
time="2021-06-24T01:49:17-05:00" level=error msg="error:card-not-active id:1"
time="2021-06-24T01:49:17-05:00" level=debug msg="creation account: {Id:1 ActiveCard:false Active:false AvailableLimit:0}"
time="2021-06-24T01:49:47-05:00" level=info msg="--- starting app ---"
time="2021-06-24T01:49:47-05:00" level=error msg="error:card-not-active id:1"
time="2021-06-24T01:49:47-05:00" level=debug msg="creation account: {Id:1 ActiveCard:true Active:false AvailableLimit:100}"
time="2021-06-24T01:49:47-05:00" level=error msg="error:account-already-initialized id:1"
time="2021-06-24T01:49:47-05:00" level=fatal msg="error creating account: account-already-initialized"
time="2021-06-24T01:53:51-05:00" level=info msg="--- starting app ---"
time="2021-06-24T01:53:51-05:00" level=error msg="error:card-not-active id:1"
time="2021-06-24T01:53:51-05:00" level=debug msg="creation account: {Id:1 ActiveCard:true Active:false AvailableLimit:100}"
time="2021-06-24T01:53:51-05:00" level=error msg="error:account-already-initialized id:1"
time="2021-06-24T01:53:51-05:00" level=debug msg="creation account: {Id:1 ActiveCard:false Active:false AvailableLimit:0}"
time="2021-06-24T01:53:51-05:00" level=debug msg="creation account: {Id:1 ActiveCard:false Active:false AvailableLimit:0}"
time="2021-06-24T02:10:39-05:00" level=info msg="--- starting app ---"
time="2021-06-24T02:11:37-05:00" level=info msg="--- starting app ---"
time="2021-06-24T02:11:37-05:00" level=error msg="violation:card-not-active id:1"
time="2021-06-24T02:11:37-05:00" level=debug msg="creation account: {Id:1 ActiveCard:true Active:false AvailableLimit:100}"
time="2021-06-24T02:11:37-05:00" level=error msg="error:account-already-initialized id:1"
time="2021-06-24T02:11:37-05:00" level=debug msg="creation account: {Id:1 ActiveCard:false Active:false AvailableLimit:0}"
time="2021-06-24T02:11:37-05:00" level=debug msg="creation account: {Id:1 ActiveCard:false Active:false AvailableLimit:0}"
time="2021-06-24T02:11:37-05:00" level=debug msg="creation account: {Id:1 ActiveCard:false Active:false AvailableLimit:0}"
time="2021-06-24T02:13:15-05:00" level=info msg="--- starting app ---"
time="2021-06-24T02:13:15-05:00" level=error msg="violation:card-not-active id:1"
time="2021-06-24T02:13:15-05:00" level=debug msg="creation account: {Id:1 ActiveCard:true Active:false AvailableLimit:100}"
time="2021-06-24T02:13:15-05:00" level=error msg="error:account-already-initialized id:1"
time="2021-06-24T02:13:15-05:00" level=debug msg="creation account: {Id:1 ActiveCard:false Active:false AvailableLimit:0}"
time="2021-06-24T02:13:15-05:00" level=debug msg="creation account: {Id:1 ActiveCard:false Active:false AvailableLimit:0}"
time="2021-06-24T02:13:15-05:00" level=debug msg="creation account: {Id:1 ActiveCard:false Active:false AvailableLimit:0}"
time="2021-06-24T02:13:39-05:00" level=info msg="--- starting app ---"
time="2021-06-24T02:13:39-05:00" level=error msg="violation:card-not-active id:1"
time="2021-06-24T02:13:39-05:00" level=debug msg="creation account: {Id:1 ActiveCard:true Active:false AvailableLimit:100}"
time="2021-06-24T02:13:39-05:00" level=error msg="error:account-already-initialized id:1"
time="2021-06-24T02:13:39-05:00" level=debug msg="creation account: {Id:1 ActiveCard:false Active:false AvailableLimit:0}"
time="2021-06-24T02:13:39-05:00" level=debug msg="creation account: {Id:1 ActiveCard:false Active:false AvailableLimit:0}"
time="2021-06-24T02:13:39-05:00" level=debug msg="creation account: {Id:1 ActiveCard:false Active:false AvailableLimit:0}"
time="2021-06-24T02:13:42-05:00" level=info msg="--- starting app ---"
time="2021-06-24T02:13:42-05:00" level=error msg="violation:card-not-active id:1"
time="2021-06-24T02:13:42-05:00" level=debug msg="creation account: {Id:1 ActiveCard:true Active:false AvailableLimit:100}"
time="2021-06-24T02:13:42-05:00" level=error msg="error:account-already-initialized id:1"
time="2021-06-24T02:13:42-05:00" level=debug msg="creation account: {Id:1 ActiveCard:false Active:false AvailableLimit:0}"
time="2021-06-24T02:13:42-05:00" level=debug msg="creation account: {Id:1 ActiveCard:false Active:false AvailableLimit:0}"
time="2021-06-24T02:13:42-05:00" level=debug msg="creation account: {Id:1 ActiveCard:false Active:false AvailableLimit:0}"
time="2021-06-24T02:13:55-05:00" level=info msg="--- starting app ---"
time="2021-06-24T02:13:55-05:00" level=error msg="violation:card-not-active id:1"
time="2021-06-24T02:13:55-05:00" level=debug msg="creation account: {Id:1 ActiveCard:true Active:false AvailableLimit:100}"
time="2021-06-24T02:13:55-05:00" level=error msg="error:account-already-initialized id:1"
time="2021-06-24T02:13:55-05:00" level=debug msg="creation account: {Id:1 ActiveCard:false Active:false AvailableLimit:0}"
time="2021-06-24T02:13:55-05:00" level=debug msg="creation account: {Id:1 ActiveCard:false Active:false AvailableLimit:0}"
time="2021-06-24T02:13:55-05:00" level=debug msg="creation account: {Id:1 ActiveCard:false Active:false AvailableLimit:0}"
time="2021-06-24T02:15:05-05:00" level=info msg="--- starting app ---"
time="2021-06-24T02:15:05-05:00" level=error msg="violation:card-not-active id:1"
time="2021-06-24T02:15:05-05:00" level=debug msg="creation account: {Id:1 ActiveCard:true Active:false AvailableLimit:100}"
time="2021-06-24T02:15:05-05:00" level=error msg="error:account-already-initialized id:1"
time="2021-06-24T02:15:05-05:00" level=error msg="violation:doubled-transaction id:1"
time="2021-06-24T02:15:05-05:00" level=error msg="violation:doubled-transaction id:1"
time="2021-06-24T02:15:05-05:00" level=error msg="violation:doubled-transaction id:1"
time="2021-06-24T02:15:29-05:00" level=info msg="--- starting app ---"
time="2021-06-24T02:15:29-05:00" level=error msg="violation:card-not-active id:1"
time="2021-06-24T02:15:29-05:00" level=debug msg="creation account: {Id:1 ActiveCard:true Active:false AvailableLimit:100}"
time="2021-06-24T02:15:29-05:00" level=error msg="error:account-already-initialized id:1"
time="2021-06-24T02:15:29-05:00" level=debug msg="creation account: {Id:1 ActiveCard:false Active:false AvailableLimit:0}"
time="2021-06-24T02:15:29-05:00" level=debug msg="creation account: {Id:1 ActiveCard:false Active:false AvailableLimit:0}"
time="2021-06-24T02:15:29-05:00" level=error msg="violation:doubled-transaction id:1"
time="2021-06-24T02:16:00-05:00" level=info msg="--- starting app ---"
time="2021-06-24T02:16:00-05:00" level=error msg="violation:card-not-active id:1"
time="2021-06-24T02:16:00-05:00" level=debug msg="creation account: {Id:1 ActiveCard:true Active:false AvailableLimit:100}"
time="2021-06-24T02:16:00-05:00" level=error msg="error:account-already-initialized id:1"
time="2021-06-24T02:16:00-05:00" level=debug msg="creation account: {Id:1 ActiveCard:false Active:false AvailableLimit:0}"
time="2021-06-24T02:16:00-05:00" level=debug msg="creation account: {Id:1 ActiveCard:false Active:false AvailableLimit:0}"
time="2021-06-24T02:16:00-05:00" level=error msg="violation:doubled-transaction id:1"
time="2021-06-24T02:16:17-05:00" level=info msg="--- starting app ---"
time="2021-06-24T02:16:17-05:00" level=error msg="violation:card-not-active id:1"
time="2021-06-24T02:16:17-05:00" level=debug msg="creation account: {Id:1 ActiveCard:true Active:false AvailableLimit:100}"
time="2021-06-24T02:16:17-05:00" level=error msg="error:account-already-initialized id:1"
time="2021-06-24T02:16:17-05:00" level=debug msg="creation account: {Id:1 ActiveCard:false Active:false AvailableLimit:0}"
time="2021-06-24T02:16:17-05:00" level=debug msg="creation account: {Id:1 ActiveCard:false Active:false AvailableLimit:0}"
time="2021-06-24T02:16:17-05:00" level=error msg="violation:doubled-transaction id:1"
time="2021-06-24T02:17:47-05:00" level=info msg="--- starting app ---"
time="2021-06-24T02:17:47-05:00" level=error msg="violation:card-not-active id:1"
time="2021-06-24T02:17:47-05:00" level=debug msg="creation account: {Id:1 ActiveCard:true Active:false AvailableLimit:100}"
time="2021-06-24T02:17:47-05:00" level=error msg="error:account-already-initialized id:1"
time="2021-06-24T02:17:47-05:00" level=debug msg="creation account: {Id:1 ActiveCard:false Active:false AvailableLimit:0}"
time="2021-06-24T02:17:47-05:00" level=debug msg="creation account: {Id:1 ActiveCard:false Active:false AvailableLimit:0}"
time="2021-06-24T02:17:47-05:00" level=error msg="violation:doubled-transaction id:1"
time="2021-06-24T02:18:58-05:00" level=info msg="--- starting app ---"
time="2021-06-24T02:18:58-05:00" level=error msg="violation:card-not-active id:1"
time="2021-06-24T02:18:58-05:00" level=debug msg="creation account: {Id:1 ActiveCard:true Active:false AvailableLimit:100}"
time="2021-06-24T02:18:58-05:00" level=error msg="error:account-already-initialized id:1"
time="2021-06-24T02:18:58-05:00" level=debug msg="creation account: {Id:1 ActiveCard:false Active:false AvailableLimit:0}"
time="2021-06-24T02:18:58-05:00" level=debug msg="creation account: {Id:1 ActiveCard:false Active:false AvailableLimit:0}"
time="2021-06-24T02:18:58-05:00" level=error msg="violation:doubled-transaction id:1"
time="2021-06-24T02:19:23-05:00" level=info msg="--- starting app ---"
time="2021-06-24T02:19:23-05:00" level=error msg="violation:card-not-active id:1"
time="2021-06-24T02:19:23-05:00" level=debug msg="creation account: {Id:1 ActiveCard:true Active:false AvailableLimit:100}"
time="2021-06-24T02:19:23-05:00" level=error msg="error:account-already-initialized id:1"
time="2021-06-24T02:19:23-05:00" level=error msg="violation:doubled-transaction id:1"
time="2021-06-24T02:20:03-05:00" level=info msg="--- starting app ---"
time="2021-06-24T02:20:03-05:00" level=error msg="violation:card-not-active id:1"
time="2021-06-24T02:20:03-05:00" level=debug msg="creation account: {Id:1 ActiveCard:true Active:false AvailableLimit:100}"
time="2021-06-24T02:20:03-05:00" level=error msg="error:account-already-initialized id:1"
time="2021-06-24T02:20:03-05:00" level=error msg="violation:doubled-transaction id:1"
time="2021-06-24T02:20:46-05:00" level=info msg="--- starting app ---"
time="2021-06-24T02:20:46-05:00" level=error msg="violation:card-not-active id:1"
time="2021-06-24T02:20:46-05:00" level=debug msg="creation account: {Id:1 ActiveCard:true Active:false AvailableLimit:100}"
time="2021-06-24T02:20:46-05:00" level=error msg="error:account-already-initialized id:1"
time="2021-06-24T02:20:46-05:00" level=error msg="violation:doubled-transaction id:1"
time="2021-06-24T02:24:09-05:00" level=info msg="--- starting app ---"
time="2021-06-24T02:24:09-05:00" level=error msg="violation:card-not-active id:1"
time="2021-06-24T02:24:09-05:00" level=debug msg="creation account: {Id:1 ActiveCard:true Active:false AvailableLimit:100}"
time="2021-06-24T02:24:09-05:00" level=error msg="error:account-already-initialized id:1"
time="2021-06-24T02:24:09-05:00" level=error msg="violation:doubled-transaction id:1"
time="2021-06-24T02:24:35-05:00" level=info msg="--- starting app ---"
time="2021-06-24T02:24:35-05:00" level=error msg="violation:card-not-active id:1"
time="2021-06-24T02:24:35-05:00" level=debug msg="creation account: {Id:1 ActiveCard:true Active:false AvailableLimit:100}"
time="2021-06-24T02:24:35-05:00" level=error msg="error:account-already-initialized id:1"
time="2021-06-24T02:24:35-05:00" level=error msg="violation:doubled-transaction id:1"
time="2021-06-24T02:24:50-05:00" level=info msg="--- starting app ---"
time="2021-06-24T02:24:50-05:00" level=error msg="violation:card-not-active id:1"
time="2021-06-24T02:24:50-05:00" level=debug msg="creation account: {Id:1 ActiveCard:true Active:false AvailableLimit:100}"
time="2021-06-24T02:24:50-05:00" level=error msg="error:account-already-initialized id:1"
time="2021-06-24T02:24:50-05:00" level=error msg="violation:doubled-transaction id:1"
time="2021-06-24T02:25:30-05:00" level=info msg="--- starting app ---"
time="2021-06-24T02:25:30-05:00" level=error msg="violation:card-not-active id:1"
time="2021-06-24T02:25:30-05:00" level=debug msg="creation account: {Id:1 ActiveCard:true Active:false AvailableLimit:100}"
time="2021-06-24T02:25:30-05:00" level=error msg="error:account-already-initialized id:1"
time="2021-06-24T02:25:30-05:00" level=error msg="violation:doubled-transaction id:1"
time="2021-06-24T02:25:52-05:00" level=info msg="--- starting app ---"
time="2021-06-24T02:25:52-05:00" level=error msg="violation:card-not-active id:1"
time="2021-06-24T02:25:52-05:00" level=debug msg="creation account: {Id:1 ActiveCard:true Active:false AvailableLimit:100}"
time="2021-06-24T02:25:52-05:00" level=error msg="error:account-already-initialized id:1"
time="2021-06-24T02:25:52-05:00" level=error msg="violation:doubled-transaction id:1"
time="2021-06-24T02:26:11-05:00" level=info msg="--- starting app ---"
time="2021-06-24T02:26:11-05:00" level=error msg="violation:card-not-active id:1"
time="2021-06-24T02:26:11-05:00" level=debug msg="creation account: {Id:1 ActiveCard:true Active:false AvailableLimit:100}"
time="2021-06-24T02:26:11-05:00" level=error msg="error:account-already-initialized id:1"
time="2021-06-24T02:26:11-05:00" level=error msg="violation:doubled-transaction id:1"
time="2021-06-24T02:29:51-05:00" level=info msg="--- starting app ---"
time="2021-06-24T02:29:51-05:00" level=error msg="violation:card-not-active id:1"
time="2021-06-24T02:29:51-05:00" level=debug msg="creation account: {Id:1 ActiveCard:true Active:false AvailableLimit:100}"
time="2021-06-24T02:29:51-05:00" level=error msg="error:account-already-initialized id:1"
time="2021-06-24T02:29:51-05:00" level=error msg="violation:doubled-transaction id:1"
time="2021-06-24T02:31:27-05:00" level=info msg="--- starting app ---"
time="2021-06-24T02:31:27-05:00" level=error msg="violation:card-not-active id:1"
time="2021-06-24T02:31:27-05:00" level=debug msg="creation account: {Id:1 ActiveCard:true Active:false AvailableLimit:100}"
time="2021-06-24T02:31:27-05:00" level=error msg="error:account-already-initialized id:1"
time="2021-06-24T02:31:27-05:00" level=error msg="violation:doubled-transaction id:1"
time="2021-06-24T02:32:11-05:00" level=info msg="--- starting app ---"
time="2021-06-24T02:32:11-05:00" level=error msg="violation:card-not-active id:1"
time="2021-06-24T02:32:11-05:00" level=debug msg="creation account: {Id:1 ActiveCard:true Active:false AvailableLimit:100}"
time="2021-06-24T02:32:11-05:00" level=error msg="error:account-already-initialized id:1"
time="2021-06-24T02:32:11-05:00" level=error msg="violation:doubled-transaction id:1"
time="2021-06-24T02:32:11-05:00" level=error msg="violation:doubled-transaction id:1"
time="2021-06-24T02:32:11-05:00" level=error msg="violation:doubled-transaction id:1"
time="2021-06-24T02:35:45-05:00" level=info msg="--- starting app ---"
time="2021-06-24T02:35:45-05:00" level=error msg="violation:card-not-active id:1"
time="2021-06-24T02:35:45-05:00" level=debug msg="creation account: {Id:1 ActiveCard:true Active:false AvailableLimit:100}"
time="2021-06-24T02:35:45-05:00" level=error msg="error:account-already-initialized id:1"
time="2021-06-24T02:35:45-05:00" level=error msg="violation:doubled-transaction id:1"
time="2021-06-24T02:35:45-05:00" level=error msg="violation:doubled-transaction id:1"
time="2021-06-24T02:35:45-05:00" level=error msg="violation:doubled-transaction id:1"
time="2021-06-24T02:37:36-05:00" level=info msg="--- starting app ---"
time="2021-06-24T02:37:36-05:00" level=error msg="violation:card-not-active id:1"
time="2021-06-24T02:37:36-05:00" level=debug msg="creation account: {Id:1 ActiveCard:true Active:false AvailableLimit:100}"
time="2021-06-24T02:37:36-05:00" level=error msg="error:account-already-initialized id:1"
time="2021-06-24T02:37:36-05:00" level=error msg="violation:doubled-transaction id:1"
time="2021-06-24T02:37:36-05:00" level=error msg="violation:doubled-transaction id:1"
time="2021-06-24T02:37:36-05:00" level=error msg="violation:doubled-transaction id:1"
